<?xml version="1.0" encoding="UTF-8"?>
<testng-results ignored="0" total="1" passed="1" failed="0" skipped="0">
  <reporter-output>
  </reporter-output>
  <suite started-at="2025-09-19T17:23:07 GMT-04:00" name="Suite" finished-at="2025-09-19T17:23:21 GMT-04:00" duration-ms="14345">
    <groups>
    </groups>
    <test started-at="2025-09-19T17:23:07 GMT-04:00" name="Test" finished-at="2025-09-19T17:23:21 GMT-04:00" duration-ms="14345">
      <class name="testCases.TC_W1">
        <test-method is-config="true" signature="setUp(java.lang.String,java.lang.String)[pri:0, instance:testCases.TC_W1@185a6e9]" started-at="2025-09-19T17:23:07 GMT-04:00" name="setUp" finished-at="2025-09-19T17:23:12 GMT-04:00" duration-ms="4308" status="PASS">
          <params>
            <param index="0">
              <value>
                <![CDATA[Windows]]>
              </value>
            </param>
            <param index="1">
              <value>
                <![CDATA[chrome]]>
              </value>
            </param>
          </params>
          <reporter-output>
          </reporter-output>
        </test-method> <!-- setUp -->
        <test-method signature="datePicker()[pri:0, instance:testCases.TC_W1@185a6e9]" started-at="2025-09-19T17:23:12 GMT-04:00" name="datePicker" finished-at="2025-09-19T17:23:21 GMT-04:00" duration-ms="9207" status="PASS">
          <reporter-output>
          </reporter-output>
        </test-method> <!-- datePicker -->
        <test-method is-config="true" signature="tearDown()[pri:0, instance:testCases.TC_W1@185a6e9]" started-at="2025-09-19T17:23:21 GMT-04:00" name="tearDown" finished-at="2025-09-19T17:23:21 GMT-04:00" duration-ms="351" status="PASS">
          <reporter-output>
          </reporter-output>
        </test-method> <!-- tearDown -->
      </class> <!-- testCases.TC_W1 -->
    </test> <!-- Test -->
  </suite> <!-- Suite -->
</testng-results>
