<?xml version="1.0" encoding="UTF-8"?>
<!-- Generated by org.testng.reporters.JUnitXMLReporter -->
<testsuite ignored="0" hostname="theVikas" failures="0" tests="4" name="chromeTest" time="50.145" errors="0" timestamp="2025-09-24T21:15:05 GMT-04:00">
  <testcase classname="testCases.TC_W1" name="datePicker" time="0.77"/>
  <testcase classname="testCases.TC_W2" name="sliderAction" time="0.24"/>
  <testcase classname="testCases.TC_W3" name="autoComplete" time="4.627"/>
  <testcase classname="testCases.TC_W4" name="progressBar" time="13.762"/>
</testsuite> <!-- chromeTest -->
