<?xml version="1.0" encoding="UTF-8"?>
<!-- Generated by org.testng.reporters.JUnitXMLReporter -->
<testsuite ignored="0" hostname="theVikas" failures="0" tests="3" name="firefoxTest" time="69.979" errors="0" timestamp="2025-09-24T21:16:16 GMT-04:00">
  <testcase classname="testCases.TC_W1" name="datePicker" time="12.662"/>
  <testcase classname="testCases.TC_W2" name="sliderAction" time="2.482"/>
  <testcase classname="testCases.TC_W4" name="progressBar" time="10.862"/>
</testsuite> <!-- firefoxTest -->
